2024-03-11 02:15:41,611 INFO: 
  name: ai_enabled_choreography
  is_train: True
  use_graph: False
  train:[
    optim:[
      lr: 0.001
      weight_decay: 0
      betas: [0.9, 0.99]
    ]
    scheduler:[
      milestones: [2, 4, 6, 8, 10, 12]
      gamma: 0.5
    ]
    epochs: 14
    batch_size: 256
    seq_len: 1
    vae:[
      latent_dim: 32
      n_units: 32
    ]
    reduced_joints: False
    predicted_timesteps: 50
    no_overlap: False
  ]
  logger:[
    print_freq: 100
  ]

2024-03-11 02:15:43,116 INFO: Dataset created.
2024-03-11 02:15:43,116 INFO: Total iterations per epoch: 104
2024-03-11 02:15:43,260 INFO: Network: VAELSTM_Static, with parameters: 13,616
2024-03-11 02:15:43,261 INFO: VAELSTM_Static(
  (encoder): Encoder(
    (conv1): Conv2d(3, 3, kernel_size=(3, 3), stride=(1, 1), padding=(1, 1), bias=False)
    (linear): Linear(in_features=159, out_features=32, bias=True)
    (mean): Linear(in_features=32, out_features=32, bias=True)
    (log_var): Linear(in_features=32, out_features=32, bias=True)
  )
  (decoder): Decoder(
    (linear): Linear(in_features=32, out_features=32, bias=True)
    (output_linear): Linear(in_features=32, out_features=159, bias=True)
  )
)
2024-03-11 02:15:43,261 INFO: Start training from epoch: 0, iter: 0
2024-03-11 02:34:51,131 INFO: Epoch: 0, iter: 100, loss: 0.04685264080762863
2024-03-11 02:35:37,030 INFO: Epoch average training loss: 0.11431083083152771
2024-03-11 02:35:37,030 INFO: Validating...
2024-03-11 02:39:48,841 INFO: Validation error: 0.03362208604812622
2024-03-11 02:44:09,966 INFO: Test error: 0.030422862619161606
2024-03-11 03:02:31,920 INFO: Epoch: 1, iter: 200, loss: 0.03148512542247772
2024-03-11 03:04:03,604 INFO: Epoch average training loss: 0.03520941734313965
2024-03-11 03:04:03,604 INFO: Validating...
2024-03-11 03:08:14,776 INFO: Validation error: 0.0260284636169672
2024-03-11 03:12:36,210 INFO: Test error: 0.024602852761745453
2024-03-11 03:30:10,070 INFO: Epoch: 2, iter: 300, loss: 0.026049016043543816
2024-03-11 03:32:27,305 INFO: Epoch average training loss: 0.029609303921461105
2024-03-11 03:32:27,305 INFO: Validating...
2024-03-11 03:36:38,205 INFO: Validation error: 0.02357492968440056
2024-03-11 03:40:59,279 INFO: Test error: 0.02197439968585968
2024-03-11 03:57:47,173 INFO: Epoch: 3, iter: 400, loss: 0.02382057160139084
2024-03-11 04:00:49,281 INFO: Epoch average training loss: 0.025071803480386734
2024-03-11 04:00:49,281 INFO: Validating...
2024-03-11 04:04:59,053 INFO: Validation error: 0.020497405901551247
2024-03-11 04:09:19,587 INFO: Test error: 0.019112318754196167
2024-03-11 04:25:18,735 INFO: Epoch: 4, iter: 500, loss: 0.020585503429174423
2024-03-11 04:29:06,844 INFO: Epoch average training loss: 0.021482273936271667
2024-03-11 04:29:06,845 INFO: Validating...
2024-03-11 04:33:16,997 INFO: Validation error: 0.018646329641342163
2024-03-11 04:37:37,558 INFO: Test error: 0.01749219372868538
2024-03-11 04:52:51,492 INFO: Epoch: 5, iter: 600, loss: 0.019174333661794662
2024-03-11 04:57:25,383 INFO: Epoch average training loss: 0.01932256482541561
2024-03-11 04:57:25,384 INFO: Validating...
2024-03-11 05:01:35,459 INFO: Validation error: 0.017124200239777565
2024-03-11 05:05:56,070 INFO: Test error: 0.016293823719024658
2024-03-11 05:20:24,814 INFO: Epoch: 6, iter: 700, loss: 0.018680881708860397
2024-03-11 05:25:43,929 INFO: Epoch average training loss: 0.018043341115117073
2024-03-11 05:25:43,929 INFO: Validating...
2024-03-11 05:29:53,641 INFO: Validation error: 0.016468102112412453
2024-03-11 05:34:13,758 INFO: Test error: 0.015664447098970413
2024-03-11 05:47:55,925 INFO: Epoch: 7, iter: 800, loss: 0.016253704205155373
2024-03-11 05:54:00,999 INFO: Epoch average training loss: 0.017237063497304916
2024-03-11 05:54:00,999 INFO: Validating...
2024-03-11 05:58:11,199 INFO: Validation error: 0.0158311165869236
2024-03-11 06:02:31,580 INFO: Test error: 0.015030814334750175
